============================================================
FILE: Base.cpp
============================================================
--- clang ---
--- opt mem2reg ---
--- opt lf (plugin) ---
Inizio ricerca candidati alla fusione
Inizio controllo adiacenza di 0x559d4adc0e70 e 0x559d4adc0f08
ERRORE: Il loop 0x559d4adc0e70 ed il loop 0x559d4adc0f08 non sono adiacenti
Inizio controllo adiacenza di 0x559d4adc0e70 e 0x559d4adc0fa0
ERRORE: Il loop 0x559d4adc0e70 ed il loop 0x559d4adc0fa0 non sono adiacenti
Inizio controllo adiacenza di 0x559d4adc0f08 e 0x559d4adc0e70
Fine controllo adiacenza di 0x559d4adc0f08 e 0x559d4adc0e70: SUPERATO
Inizio controllo trip count di 0x559d4adc0f08 e 0x559d4adc0e70
Fine controllo adiacenza di 0x559d4adc0f08 e 0x559d4adc0e70: SUPERATO
Inizio controllo di equivalenza di control flow di 0x559d4adc0f08 e 0x559d4adc0e70
Fine controllo di equivalenza di control flow di 0x559d4adc0f08 e 0x559d4adc0e70: SUPERATO
Inizio controllo dipendenze di 0x559d4adc0f08 e 0x559d4adc0e70
Fine controllo dipendenze di 0x559d4adc0f08 e 0x559d4adc0e70: SUPERATO
Inizio controllo adiacenza di 0x559d4adc0f08 e 0x559d4adc0fa0
ERRORE: Il loop 0x559d4adc0f08 ed il loop 0x559d4adc0fa0 non sono adiacenti
Inizio controllo adiacenza di 0x559d4adc0fa0 e 0x559d4adc0e70
ERRORE: Il loop 0x559d4adc0fa0 ed il loop 0x559d4adc0e70 non sono adiacenti
Inizio controllo adiacenza di 0x559d4adc0fa0 e 0x559d4adc0f08
ERRORE: Il loop 0x559d4adc0fa0 ed il loop 0x559d4adc0f08 non sono adiacenti
Fine ricerca candidati alla fusione
Candidati trovati: inizio fusione
Fine fusione
La funzione _Z15LoopFusion_basei è stata modificata.
[OK] Base.cpp processato con successo
============================================================
FILE: Both_Guarded.cpp
============================================================
--- clang ---
--- opt mem2reg ---
--- opt lf (plugin) ---
Inizio ricerca candidati alla fusione
Inizio controllo adiacenza di 0x55f94d5e50f0 e 0x55f94d5e5188
ERRORE: Il loop 0x55f94d5e50f0 ed il loop 0x55f94d5e5188 non sono adiacenti
Inizio controllo adiacenza di 0x55f94d5e50f0 e 0x55f94d5e5220
ERRORE: Il loop 0x55f94d5e50f0 ed il loop 0x55f94d5e5220 non sono adiacenti
Inizio controllo adiacenza di 0x55f94d5e5188 e 0x55f94d5e50f0
Fine controllo adiacenza di 0x55f94d5e5188 e 0x55f94d5e50f0: SUPERATO
Inizio controllo trip count di 0x55f94d5e5188 e 0x55f94d5e50f0
Fine controllo adiacenza di 0x55f94d5e5188 e 0x55f94d5e50f0: SUPERATO
Inizio controllo di equivalenza di control flow di 0x55f94d5e5188 e 0x55f94d5e50f0
Fine controllo di equivalenza di control flow di 0x55f94d5e5188 e 0x55f94d5e50f0: SUPERATO
Inizio controllo dipendenze di 0x55f94d5e5188 e 0x55f94d5e50f0
Fine controllo dipendenze di 0x55f94d5e5188 e 0x55f94d5e50f0: SUPERATO
Inizio controllo adiacenza di 0x55f94d5e5188 e 0x55f94d5e5220
ERRORE: Il loop 0x55f94d5e5188 ed il loop 0x55f94d5e5220 non sono adiacenti
Inizio controllo adiacenza di 0x55f94d5e5220 e 0x55f94d5e50f0
ERRORE: Il loop 0x55f94d5e5220 ed il loop 0x55f94d5e50f0 non sono adiacenti
Inizio controllo adiacenza di 0x55f94d5e5220 e 0x55f94d5e5188
ERRORE: Il loop 0x55f94d5e5220 ed il loop 0x55f94d5e5188 non sono adiacenti
Fine ricerca candidati alla fusione
Candidati trovati: inizio fusione
Fine fusione
La funzione _Z23LoopFusion_both_guardedi è stata modificata.
[OK] Both_Guarded.cpp processato con successo
============================================================
FILE: Nested.cpp
============================================================
--- clang ---
--- opt mem2reg ---
--- opt lf (plugin) ---
Inizio ricerca candidati alla fusione
Inizio controllo adiacenza di 0x560353005690 e 0x560353005728
ERRORE: Il loop 0x560353005690 ed il loop 0x560353005728 non sono adiacenti
Inizio controllo adiacenza di 0x560353005728 e 0x560353005690
ERRORE: Il loop 0x560353005728 ed il loop 0x560353005690 non sono adiacenti
Inizio controllo adiacenza di 0x5603530055f8 e 0x560353005560
Fine controllo adiacenza di 0x5603530055f8 e 0x560353005560: SUPERATO
Inizio controllo trip count di 0x5603530055f8 e 0x560353005560
Fine controllo adiacenza di 0x5603530055f8 e 0x560353005560: SUPERATO
Inizio controllo di equivalenza di control flow di 0x5603530055f8 e 0x560353005560
Fine controllo di equivalenza di control flow di 0x5603530055f8 e 0x560353005560: SUPERATO
Inizio controllo dipendenze di 0x5603530055f8 e 0x560353005560
Fine controllo dipendenze di 0x5603530055f8 e 0x560353005560: SUPERATO
Inizio controllo adiacenza di 0x560353005560 e 0x5603530055f8
ERRORE: Il loop 0x560353005560 ed il loop 0x5603530055f8 non sono adiacenti
Fine ricerca candidati alla fusione
Candidati trovati: inizio fusione
Fine fusione
La funzione _Z17LoopFusion_nestedi è stata modificata.
[OK] Nested.cpp processato con successo
============================================================
